1	1	0.675	correct
1	2	0.884	correct
1	3	0.838	correct
1	4	0.958	correct
1	5	1.147	correct
1	1	0.665	correct
1	2	0.555	correct
1	3	0.681	correct
1	4	0.785	correct
1	5	0.720	wrong
1	1	0.653	correct
1	2	0.562	correct
1	3	0.589	correct
1	4	0.570	correct
1	5	0.585	correct
4	1	0.746	correct
4	2	0.840	correct
4	3	0.980	wrong
4	4	0.737	wrong
4	5	0.929	correct
4	1	1.162	correct
4	2	0.816	correct
4	3	0.940	correct
4	4	0.813	correct
4	5	1.269	correct
4	1	0.843	correct
4	2	0.841	correct
4	3	0.764	correct
4	4	0.993	correct
4	5	0.866	correct
5	1	0.350	pressed
5	2	0.315	pressed
5	3	0.248	pressed
5	4	0.215	pressed
5	5	0.349	pressed
5	1	0.232	pressed
5	2	0.033	pressed
5	3	0.249	pressed
5	4	0.203	pressed
5	5	0.198	pressed
5	1	0.217	pressed
5	2	0.222	pressed
5	3	0.182	pressed
5	4	0.250	pressed
5	5	0.199	pressed
