1576756835.432	7	trial_1 starts
1576756847.692	7	trial_1 ends
1576756854.932	6	trial_1 starts
1576756867.157	6	trial_1 ends
1576756894.559	1	trial_1 starts
1576756895.091	1	trial_1 fixture_displayed
1576756895.107	1	trial_1 ori=180
1576756895.782	1	trial_1 correct
1576756894.559	1	trial_1 ends
1576756896.783	1	trial_2 starts
1576756897.296	1	trial_2 fixture_displayed
1576756897.311	1	trial_2 ori=0
1576756898.196	1	trial_2 correct
1576756896.783	1	trial_2 ends
1576756899.197	1	trial_3 starts
1576756899.712	1	trial_3 fixture_displayed
1576756899.728	1	trial_3 ori=0
1576756900.567	1	trial_3 correct
1576756899.197	1	trial_3 ends
1576756901.568	1	trial_4 starts
1576756902.083	1	trial_4 fixture_displayed
1576756902.097	1	trial_4 ori=0
1576756903.055	1	trial_4 correct
1576756901.568	1	trial_4 ends
1576756904.057	1	trial_5 starts
1576756904.566	1	trial_5 fixture_displayed
1576756904.581	1	trial_5 ori=180
1576756905.729	1	trial_5 correct
1576756904.057	1	trial_5 ends
1576756929.267	3	trial_1 starts
1576756939.268	3	trial_1 ends
1576756961.990	1	trial_1 starts
1576756962.505	1	trial_1 fixture_displayed
1576756962.520	1	trial_1 ori=180
1576756963.185	1	trial_1 correct
1576756961.990	1	trial_1 ends
1576756964.187	1	trial_2 starts
1576756964.705	1	trial_2 fixture_displayed
1576756964.721	1	trial_2 ori=0
1576756965.275	1	trial_2 correct
1576756964.187	1	trial_2 ends
1576756966.276	1	trial_3 starts
1576756966.792	1	trial_3 fixture_displayed
1576756966.808	1	trial_3 ori=0
1576756967.489	1	trial_3 correct
1576756966.276	1	trial_3 ends
1576756968.490	1	trial_4 starts
1576756969.009	1	trial_4 fixture_displayed
1576756969.024	1	trial_4 ori=180
1576756969.810	1	trial_4 correct
1576756968.490	1	trial_4 ends
1576756970.811	1	trial_5 starts
1576756971.329	1	trial_5 fixture_displayed
1576756971.345	1	trial_5 ori=180
1576756972.065	1	trial_5 wrong
1576756970.811	1	trial_5 ends
1576756984.602	2	trial_1 starts
1576756994.604	2	trial_1 ends
1576757001.142	1	trial_1 starts
1576757001.662	1	trial_1 fixture_displayed
1576757001.678	1	trial_1 ori=0
1576757002.331	1	trial_1 correct
1576757001.142	1	trial_1 ends
1576757003.332	1	trial_2 starts
1576757003.846	1	trial_2 fixture_displayed
1576757003.861	1	trial_2 ori=0
1576757004.423	1	trial_2 correct
1576757003.332	1	trial_2 ends
1576757005.425	1	trial_3 starts
1576757005.945	1	trial_3 fixture_displayed
1576757005.965	1	trial_3 ori=0
1576757006.553	1	trial_3 correct
1576757005.425	1	trial_3 ends
1576757007.554	1	trial_4 starts
1576757008.066	1	trial_4 fixture_displayed
1576757008.081	1	trial_4 ori=0
1576757008.652	1	trial_4 correct
1576757007.554	1	trial_4 ends
1576757009.653	1	trial_5 starts
1576757010.166	1	trial_5 fixture_displayed
1576757010.182	1	trial_5 ori=0
1576757010.767	1	trial_5 correct
1576757009.653	1	trial_5 ends
1576757018.490	3	trial_1 starts
1576757028.492	3	trial_1 ends
1576757099.009	4	trial_1 starts
1576757099.526	4	trial_1 fixture_displayed
1576757099.557	4	trial_1 stimulus_displayed_Red_text Yellow_color
1576757100.303	4	trial_1 correct
1576757099.009	4	trial_1 ends
1576757101.306	4	trial_2 starts
1576757101.829	4	trial_2 fixture_displayed
1576757101.861	4	trial_2 stimulus_displayed_Yellow_text Red_color
1576757102.702	4	trial_2 correct
1576757101.306	4	trial_2 ends
1576757103.703	4	trial_3 starts
1576757104.213	4	trial_3 fixture_displayed
1576757104.245	4	trial_3 stimulus_displayed_Green_text Blue_color
1576757105.225	4	trial_3 wrong
1576757103.703	4	trial_3 ends
1576757106.226	4	trial_4 starts
1576757106.750	4	trial_4 fixture_displayed
1576757106.766	4	trial_4 stimulus_displayed_Red_text Green_color
1576757107.503	4	trial_4 wrong
1576757106.226	4	trial_4 ends
1576757108.504	4	trial_5 starts
1576757109.017	4	trial_5 fixture_displayed
1576757109.032	4	trial_5 stimulus_displayed_Red_text Yellow_color
1576757109.961	4	trial_5 correct
1576757108.504	4	trial_5 ends
1576757125.061	2	trial_1 starts
1576757135.063	2	trial_1 ends
1576757159.466	4	trial_1 starts
1576757159.981	4	trial_1 fixture_displayed
1576757159.998	4	trial_1 stimulus_displayed_Green_text Yellow_color
1576757161.159	4	trial_1 correct
1576757159.466	4	trial_1 ends
1576757162.160	4	trial_2 starts
1576757162.670	4	trial_2 fixture_displayed
1576757162.685	4	trial_2 stimulus_displayed_Yellow_text Blue_color
1576757163.501	4	trial_2 correct
1576757162.160	4	trial_2 ends
1576757164.501	4	trial_3 starts
1576757165.019	4	trial_3 fixture_displayed
1576757165.035	4	trial_3 stimulus_displayed_Green_text Red_color
1576757165.975	4	trial_3 correct
1576757164.501	4	trial_3 ends
1576757166.976	4	trial_4 starts
1576757167.490	4	trial_4 fixture_displayed
1576757167.505	4	trial_4 stimulus_displayed_Red_text Yellow_color
1576757168.318	4	trial_4 correct
1576757166.976	4	trial_4 ends
1576757169.319	4	trial_5 starts
1576757169.839	4	trial_5 fixture_displayed
1576757169.871	4	trial_5 stimulus_displayed_Blue_text Red_color
1576757171.141	4	trial_5 correct
1576757169.319	4	trial_5 ends
1576757181.899	3	trial_1 starts
1576757191.901	3	trial_1 ends
1576757198.123	4	trial_1 starts
1576757198.640	4	trial_1 fixture_displayed
1576757198.671	4	trial_1 stimulus_displayed_Blue_text Green_color
1576757199.514	4	trial_1 correct
1576757198.123	4	trial_1 ends
1576757200.516	4	trial_2 starts
1576757201.039	4	trial_2 fixture_displayed
1576757201.059	4	trial_2 stimulus_displayed_Green_text Blue_color
1576757201.900	4	trial_2 correct
1576757200.516	4	trial_2 ends
1576757202.901	4	trial_3 starts
1576757203.411	4	trial_3 fixture_displayed
1576757203.442	4	trial_3 stimulus_displayed_Green_text Red_color
1576757204.206	4	trial_3 correct
1576757202.901	4	trial_3 ends
1576757205.207	4	trial_4 starts
1576757205.727	4	trial_4 fixture_displayed
1576757205.742	4	trial_4 stimulus_displayed_Green_text Yellow_color
1576757206.735	4	trial_4 correct
1576757205.207	4	trial_4 ends
1576757207.737	4	trial_5 starts
1576757208.247	4	trial_5 fixture_displayed
1576757208.278	4	trial_5 stimulus_displayed_Yellow_text Green_color
1576757209.144	4	trial_5 correct
1576757207.737	4	trial_5 ends
1576757216.048	2	trial_1 starts
1576757226.054	2	trial_1 ends
1576757296.724	5	trial_1 starts
1576757297.861	5	trial_1 stimulus_displayed
1576757298.210	5	trial_1 user_press
1576757296.724	5	trial_1 ends
1576757299.213	5	trial_2 starts
1576757300.045	5	trial_2 stimulus_displayed
1576757300.360	5	trial_2 user_press
1576757299.213	5	trial_2 ends
1576757301.362	5	trial_3 starts
1576757302.599	5	trial_3 stimulus_displayed
1576757302.848	5	trial_3 user_press
1576757301.362	5	trial_3 ends
1576757303.848	5	trial_4 starts
1576757304.682	5	trial_4 stimulus_displayed
1576757304.897	5	trial_4 user_press
1576757303.848	5	trial_4 ends
1576757305.899	5	trial_5 starts
1576757307.136	5	trial_5 stimulus_displayed
1576757307.485	5	trial_5 user_press
1576757305.899	5	trial_5 ends
1576757323.630	5	trial_1 starts
1576757324.763	5	trial_1 stimulus_displayed
1576757324.995	5	trial_1 user_press
1576757323.630	5	trial_1 ends
1576757325.997	5	trial_2 starts
1576757326.732	5	trial_2 stimulus_displayed
1576757326.766	5	trial_2 user_press
1576757325.997	5	trial_2 ends
1576757327.767	5	trial_3 starts
1576757328.900	5	trial_3 stimulus_displayed
1576757329.149	5	trial_3 user_press
1576757327.767	5	trial_3 ends
1576757330.150	5	trial_4 starts
1576757330.883	5	trial_4 stimulus_displayed
1576757331.086	5	trial_4 user_press
1576757330.150	5	trial_4 ends
1576757332.088	5	trial_5 starts
1576757333.221	5	trial_5 stimulus_displayed
1576757333.419	5	trial_5 user_press
1576757332.088	5	trial_5 ends
1576757347.764	5	trial_1 starts
1576757348.698	5	trial_1 stimulus_displayed
1576757348.915	5	trial_1 user_press
1576757347.764	5	trial_1 ends
1576757349.917	5	trial_2 starts
1576757351.147	5	trial_2 stimulus_displayed
1576757351.369	5	trial_2 user_press
1576757349.917	5	trial_2 ends
1576757352.371	5	trial_3 starts
1576757353.301	5	trial_3 stimulus_displayed
1576757353.484	5	trial_3 user_press
1576757352.371	5	trial_3 ends
1576757354.485	5	trial_4 starts
1576757355.217	5	trial_4 stimulus_displayed
1576757355.467	5	trial_4 user_press
1576757354.485	5	trial_4 ends
1576757356.468	5	trial_5 starts
1576757357.406	5	trial_5 stimulus_displayed
1576757357.604	5	trial_5 user_press
1576757356.468	5	trial_5 ends
1576757365.643	3	trial_1 starts
1576757375.645	3	trial_1 ends
1576757383.336	2	trial_1 starts
1576757393.338	2	trial_1 ends
