1576761226.485	7	trial_1 starts
1576761237.717	7	trial_1 ends
1576761245.426	6	trial_1 starts
1576761256.637	6	trial_1 ends
1576761262.241	1	trial_1 starts
1576761262.790	1	trial_1 fixture_displayed
1576761262.805	1	trial_1 ori=0
1576761263.251	1	trial_1 correct
1576761262.241	1	trial_1 ends
1576761264.252	1	trial_2 starts
1576761264.773	1	trial_2 fixture_displayed
1576761264.791	1	trial_2 ori=0
1576761265.118	1	trial_2 correct
1576761264.252	1	trial_2 ends
1576761266.119	1	trial_3 starts
1576761266.642	1	trial_3 fixture_displayed
1576761266.658	1	trial_3 ori=180
1576761267.055	1	trial_3 correct
1576761266.119	1	trial_3 ends
1576761268.057	1	trial_4 starts
1576761268.576	1	trial_4 fixture_displayed
1576761268.591	1	trial_4 ori=180
1576761269.004	1	trial_4 correct
1576761268.057	1	trial_4 ends
1576761270.005	1	trial_5 starts
1576761270.530	1	trial_5 fixture_displayed
1576761270.545	1	trial_5 ori=180
1576761270.937	1	trial_5 correct
1576761270.005	1	trial_5 ends
1576761271.938	1	trial_6 starts
1576761272.447	1	trial_6 fixture_displayed
1576761272.462	1	trial_6 ori=0
1576761272.893	1	trial_6 correct
1576761271.938	1	trial_6 ends
1576761278.917	2	trial_1 starts
1576761288.919	2	trial_1 ends
1576761295.809	3	trial_1 starts
1576761305.812	3	trial_1 ends
1576761321.907	5	trial_1 starts
1576761322.839	5	trial_1 stimulus_displayed
1576761323.089	5	trial_1 user_press
1576761321.907	5	trial_1 ends
1576761324.091	5	trial_2 starts
1576761325.023	5	trial_2 stimulus_displayed
1576761325.324	5	trial_2 user_press
1576761324.091	5	trial_2 ends
1576761326.326	5	trial_3 starts
1576761327.058	5	trial_3 stimulus_displayed
1576761327.491	5	trial_3 user_press
1576761326.326	5	trial_3 ends
1576761328.492	5	trial_4 starts
1576761329.726	5	trial_4 stimulus_displayed
1576761330.011	5	trial_4 user_press
1576761328.492	5	trial_4 ends
1576761331.013	5	trial_5 starts
1576761332.046	5	trial_5 stimulus_displayed
1576761332.378	5	trial_5 user_press
1576761331.013	5	trial_5 ends
