1576761499.284	7	trial_1 starts
1576761510.533	7	trial_1 ends
1576761520.868	6	trial_1 starts
1576761532.075	6	trial_1 ends
1576761540.846	1	trial_1 starts
1576761541.182	1	trial_1 fixture_displayed
1576761541.197	1	trial_1 ori=0
1576761541.605	1	trial_1 correct
1576761540.846	1	trial_1 ends
1576761542.607	1	trial_2 starts
1576761542.730	1	trial_2 fixture_displayed
1576761542.747	1	trial_2 ori=0
1576761543.150	1	trial_2 correct
1576761542.607	1	trial_2 ends
1576761544.150	1	trial_3 starts
1576761544.264	1	trial_3 fixture_displayed
1576761544.280	1	trial_3 ori=0
1576761544.682	1	trial_3 correct
1576761544.150	1	trial_3 ends
1576761545.684	1	trial_4 starts
1576761546.602	1	trial_4 fixture_displayed
1576761546.618	1	trial_4 ori=180
1576761547.031	1	trial_4 correct
1576761545.684	1	trial_4 ends
1576761548.032	1	trial_5 starts
1576761548.151	1	trial_5 fixture_displayed
1576761548.167	1	trial_5 ori=0
1576761548.562	1	trial_5 correct
1576761548.032	1	trial_5 ends
1576761549.563	1	trial_6 starts
1576761550.785	1	trial_6 fixture_displayed
1576761550.804	1	trial_6 ori=0
1576761551.210	1	trial_6 correct
1576761549.563	1	trial_6 ends
1576761556.426	2	trial_1 starts
1576761566.428	2	trial_1 ends
1576761570.999	3	trial_1 starts
1576761581.001	3	trial_1 ends
1576761599.278	5	trial_1 starts
1576761600.712	5	trial_1 stimulus_displayed
1576761600.999	5	trial_1 user_press
1576761599.278	5	trial_1 ends
1576761602.000	5	trial_2 starts
1576761603.733	5	trial_2 stimulus_displayed
1576761603.981	5	trial_2 user_press
1576761602.000	5	trial_2 ends
1576761604.983	5	trial_3 starts
1576761605.617	5	trial_3 stimulus_displayed
1576761606.002	5	trial_3 user_press
1576761604.983	5	trial_3 ends
1576761607.003	5	trial_4 starts
1576761608.135	5	trial_4 stimulus_displayed
1576761608.401	5	trial_4 user_press
1576761607.003	5	trial_4 ends
1576761615.889	3	trial_1 starts
1576761625.893	3	trial_1 ends
1576761630.344	2	trial_1 starts
1576761640.360	2	trial_1 ends
1576761649.181	4	trial_1 starts
1576761649.698	4	trial_1 fixture_displayed
1576761649.730	4	trial_1 stimulus_displayed_Blue_text Yellow_color
1576761650.705	4	trial_1 correct
1576761649.181	4	trial_1 ends
1576761651.707	4	trial_2 starts
1576761652.218	4	trial_2 fixture_displayed
1576761652.251	4	trial_2 stimulus_displayed_Yellow_text Blue_color
1576761653.117	4	trial_2 correct
1576761651.707	4	trial_2 ends
1576761654.118	4	trial_3 starts
1576761654.634	4	trial_3 fixture_displayed
1576761654.666	4	trial_3 stimulus_displayed_Green_text Red_color
1576761655.497	4	trial_3 correct
1576761654.118	4	trial_3 ends
1576761656.498	4	trial_4 starts
1576761657.021	4	trial_4 fixture_displayed
1576761657.053	4	trial_4 stimulus_displayed_Red_text Yellow_color
1576761658.059	4	trial_4 correct
1576761656.498	4	trial_4 ends
1576761659.060	4	trial_5 starts
1576761659.572	4	trial_5 fixture_displayed
1576761659.587	4	trial_5 stimulus_displayed_Red_text Blue_color
1576761660.446	4	trial_5 correct
1576761659.060	4	trial_5 ends
